{"uid":"9d80ef8934d9921e","name":"test_one","fullName":"test_class.TestClass#test_one","historyId":"b930130edd697e7698e0589d85b3e75d","time":{"start":1676887134695,"stop":1676887134695,"duration":0},"status":"failed","statusMessage":"AssertionError: assert 'a' in 'this'","statusTrace":"self = <test_class.TestClass object at 0x0000028DFF39D630>\n\n    def test_one(self):\n        x = \"this\"\n>       assert 'a' in x\nE       AssertionError: assert 'a' in 'this'\n\ntest_class.py:6: AssertionError","flaky":false,"newFailed":false,"newBroken":false,"newPassed":false,"retriesCount":0,"retriesStatusChange":false,"beforeStages":[],"afterStages":[],"labels":[{"name":"suite","value":"test_class"},{"name":"subSuite","value":"TestClass"},{"name":"host","value":"DESKTOP-KG3DMFK"},{"name":"thread","value":"18944-MainThread"},{"name":"framework","value":"pytest"},{"name":"language","value":"cpython3"},{"name":"package","value":"test_class"},{"name":"resultFormat","value":"allure2"}],"parameters":[],"links":[],"hidden":false,"retry":false,"extra":{"severity":"normal","retries":[],"categories":[{"name":"Product defects","matchedStatuses":[],"flaky":false}],"tags":[]},"source":"9d80ef8934d9921e.json","parameterValues":[]}